<?xml version="1.0" encoding="UTF-8"?>
<!-- Generated by org.testng.reporters.JUnitReportReporter -->
<testsuite hostname="LAPTOP-A4E622Q7" failures="0" tests="1" name="TestCaseClasses.BookShelvesPageTest" time="25.586" errors="0" timestamp="02 Jul 2021 11:23:24 GMT" skipped="0">
  <testcase classname="TestCaseClasses.BookShelvesPageTest" name="abc" time="25.586"/>
</testsuite> <!-- TestCaseClasses.BookShelvesPageTest -->
